[2025-08-22T04:07:14.644+0000] {local_task_job_runner.py:123} INFO - ::group::Pre task execution logs
[2025-08-22T04:07:14.693+0000] {taskinstance.py:2603} INFO - Dependencies all met for dep_context=non-requeueable deps ti=<TaskInstance: etl_pipeline_mart.transform_merchant_to_mart manual__2025-08-22T04:07:06+00:00 [queued]>
[2025-08-22T04:07:14.722+0000] {taskinstance.py:2603} INFO - Dependencies all met for dep_context=requeueable deps ti=<TaskInstance: etl_pipeline_mart.transform_merchant_to_mart manual__2025-08-22T04:07:06+00:00 [queued]>
[2025-08-22T04:07:14.722+0000] {taskinstance.py:2856} INFO - Starting attempt 1 of 1
[2025-08-22T04:07:14.758+0000] {taskinstance.py:2879} INFO - Executing <Task(PostgresOperator): transform_merchant_to_mart> on 2025-08-22 04:07:06+00:00
[2025-08-22T04:07:14.776+0000] {warnings.py:112} WARNING - /home/***/.local/lib/python3.12/site-packages/***/task/task_runner/standard_task_runner.py:70: DeprecationWarning: This process (pid=860) is multi-threaded, use of fork() may lead to deadlocks in the child.
  pid = os.fork()

[2025-08-22T04:07:14.781+0000] {standard_task_runner.py:72} INFO - Started process 870 to run task
[2025-08-22T04:07:14.779+0000] {standard_task_runner.py:104} INFO - Running: ['***', 'tasks', 'run', 'etl_pipeline_mart', 'transform_merchant_to_mart', 'manual__2025-08-22T04:07:06+00:00', '--job-id', '17', '--raw', '--subdir', 'DAGS_FOLDER/etl_pipeline_mart.py', '--cfg-path', '/tmp/tmp48ku6rem']
[2025-08-22T04:07:14.785+0000] {standard_task_runner.py:105} INFO - Job 17: Subtask transform_merchant_to_mart
[2025-08-22T04:07:14.868+0000] {task_command.py:467} INFO - Running <TaskInstance: etl_pipeline_mart.transform_merchant_to_mart manual__2025-08-22T04:07:06+00:00 [running]> on host 21c40e4c1785
[2025-08-22T04:07:15.064+0000] {taskinstance.py:3122} INFO - Exporting env vars: AIRFLOW_CTX_DAG_OWNER='***' AIRFLOW_CTX_DAG_ID='etl_pipeline_mart' AIRFLOW_CTX_TASK_ID='transform_merchant_to_mart' AIRFLOW_CTX_EXECUTION_DATE='2025-08-22T04:07:06+00:00' AIRFLOW_CTX_TRY_NUMBER='1' AIRFLOW_CTX_DAG_RUN_ID='manual__2025-08-22T04:07:06+00:00'
[2025-08-22T04:07:15.065+0000] {taskinstance.py:731} INFO - ::endgroup::
[2025-08-22T04:07:15.085+0000] {sql.py:282} INFO - Executing: 
        -- 상선 데이터를 정제하여 mart 스키마에 적재
        DROP TABLE IF EXISTS mart.container_ships_clean;
        
        CREATE TABLE mart.container_ships_clean AS
        SELECT
            project_id,
            product_type as ship_type,
            contract_date,
            country as customer_country_cleaned,
            revenue as order_value,
            build_duration_days
        FROM stg.stg_container_ships
        WHERE revenue IS NOT NULL AND revenue > 0;
        
[2025-08-22T04:07:15.099+0000] {base.py:84} INFO - Retrieving connection 'datalake_1'
[2025-08-22T04:07:15.116+0000] {base.py:84} INFO - Retrieving connection 'datalake_1'
[2025-08-22T04:07:15.138+0000] {sql.py:509} INFO - Running statement: 
        -- 상선 데이터를 정제하여 mart 스키마에 적재
        DROP TABLE IF EXISTS mart.container_ships_clean;
        
        CREATE TABLE mart.container_ships_clean AS
        SELECT
            project_id,
            product_type as ship_type,
            contract_date,
            country as customer_country_cleaned,
            revenue as order_value,
            build_duration_days
        FROM stg.stg_container_ships
        WHERE revenue IS NOT NULL AND revenue > 0;
        , parameters: None
[2025-08-22T04:07:15.146+0000] {sql.py:518} INFO - Rows affected: 4338
[2025-08-22T04:07:15.158+0000] {taskinstance.py:340} INFO - ::group::Post task execution logs
[2025-08-22T04:07:15.158+0000] {taskinstance.py:352} INFO - Marking task as SUCCESS. dag_id=etl_pipeline_mart, task_id=transform_merchant_to_mart, run_id=manual__2025-08-22T04:07:06+00:00, execution_date=20250822T040706, start_date=20250822T040714, end_date=20250822T040715
[2025-08-22T04:07:15.206+0000] {local_task_job_runner.py:261} INFO - Task exited with return code 0
[2025-08-22T04:07:15.216+0000] {warnings.py:112} WARNING - /home/***/.local/lib/python3.12/site-packages/***/models/baseoperator.py:1378: AirflowProviderDeprecationWarning: Call to deprecated class PostgresOperator. (Please use `***.providers.common.sql.operators.sql.SQLExecuteQueryOperator`.Also, you can provide `hook_params={'schema': <database>}`.)
  result = cls.__new__(cls)

[2025-08-22T04:07:15.225+0000] {taskinstance.py:3891} INFO - 0 downstream tasks scheduled from follow-on schedule check
[2025-08-22T04:07:15.227+0000] {local_task_job_runner.py:240} INFO - ::endgroup::
