[2025-08-22T05:06:21.588+0000] {local_task_job_runner.py:123} INFO - ::group::Pre task execution logs
[2025-08-22T05:06:21.634+0000] {taskinstance.py:2603} INFO - Dependencies all met for dep_context=non-requeueable deps ti=<TaskInstance: etl_pipeline_stg.load_offshore_data manual__2025-08-22T05:06:17+00:00 [queued]>
[2025-08-22T05:06:21.653+0000] {taskinstance.py:2603} INFO - Dependencies all met for dep_context=requeueable deps ti=<TaskInstance: etl_pipeline_stg.load_offshore_data manual__2025-08-22T05:06:17+00:00 [queued]>
[2025-08-22T05:06:21.653+0000] {taskinstance.py:2856} INFO - Starting attempt 1 of 1
[2025-08-22T05:06:21.683+0000] {taskinstance.py:2879} INFO - Executing <Task(PythonOperator): load_offshore_data> on 2025-08-22 05:06:17+00:00
[2025-08-22T05:06:21.701+0000] {warnings.py:112} WARNING - /home/***/.local/lib/python3.12/site-packages/***/task/task_runner/standard_task_runner.py:70: DeprecationWarning: This process (pid=1652) is multi-threaded, use of fork() may lead to deadlocks in the child.
  pid = os.fork()

[2025-08-22T05:06:21.705+0000] {standard_task_runner.py:72} INFO - Started process 1657 to run task
[2025-08-22T05:06:21.706+0000] {standard_task_runner.py:104} INFO - Running: ['***', 'tasks', 'run', 'etl_pipeline_stg', 'load_offshore_data', 'manual__2025-08-22T05:06:17+00:00', '--job-id', '24', '--raw', '--subdir', 'DAGS_FOLDER/etl_pipeline_stg.py', '--cfg-path', '/tmp/tmpe1x_bv0b']
[2025-08-22T05:06:21.713+0000] {standard_task_runner.py:105} INFO - Job 24: Subtask load_offshore_data
[2025-08-22T05:06:21.804+0000] {task_command.py:467} INFO - Running <TaskInstance: etl_pipeline_stg.load_offshore_data manual__2025-08-22T05:06:17+00:00 [running]> on host 21c40e4c1785
[2025-08-22T05:06:22.468+0000] {taskinstance.py:3122} INFO - Exporting env vars: AIRFLOW_CTX_DAG_OWNER='***' AIRFLOW_CTX_DAG_ID='etl_pipeline_stg' AIRFLOW_CTX_TASK_ID='load_offshore_data' AIRFLOW_CTX_EXECUTION_DATE='2025-08-22T05:06:17+00:00' AIRFLOW_CTX_TRY_NUMBER='1' AIRFLOW_CTX_DAG_RUN_ID='manual__2025-08-22T05:06:17+00:00'
[2025-08-22T05:06:22.470+0000] {taskinstance.py:731} INFO - ::endgroup::
[2025-08-22T05:06:22.540+0000] {base.py:84} INFO - Retrieving connection 'datalake_1'
[2025-08-22T05:06:22.704+0000] {logging_mixin.py:190} INFO - Data for 'Drill Ship' loaded to table 'stg_drill_ships' in STG schema successfully.
[2025-08-22T05:06:22.705+0000] {python.py:240} INFO - Done. Returned value was: None
[2025-08-22T05:06:22.725+0000] {taskinstance.py:340} INFO - ::group::Post task execution logs
[2025-08-22T05:06:22.725+0000] {taskinstance.py:352} INFO - Marking task as SUCCESS. dag_id=etl_pipeline_stg, task_id=load_offshore_data, run_id=manual__2025-08-22T05:06:17+00:00, execution_date=20250822T050617, start_date=20250822T050621, end_date=20250822T050622
[2025-08-22T05:06:22.776+0000] {local_task_job_runner.py:261} INFO - Task exited with return code 0
[2025-08-22T05:06:22.809+0000] {taskinstance.py:3891} INFO - 0 downstream tasks scheduled from follow-on schedule check
[2025-08-22T05:06:22.811+0000] {local_task_job_runner.py:240} INFO - ::endgroup::
