[2025-08-23T10:02:19.779+0000] {local_task_job_runner.py:123} INFO - ::group::Pre task execution logs
[2025-08-23T10:02:19.797+0000] {taskinstance.py:2603} INFO - Dependencies all met for dep_context=non-requeueable deps ti=<TaskInstance: etl_pipeline_stg.create_and_load_data manual__2025-08-23T10:02:09+00:00 [queued]>
[2025-08-23T10:02:19.806+0000] {taskinstance.py:2603} INFO - Dependencies all met for dep_context=requeueable deps ti=<TaskInstance: etl_pipeline_stg.create_and_load_data manual__2025-08-23T10:02:09+00:00 [queued]>
[2025-08-23T10:02:19.806+0000] {taskinstance.py:2856} INFO - Starting attempt 1 of 1
[2025-08-23T10:02:19.822+0000] {taskinstance.py:2879} INFO - Executing <Task(PythonOperator): create_and_load_data> on 2025-08-23 10:02:09+00:00
[2025-08-23T10:02:19.834+0000] {warnings.py:112} WARNING - /home/***/.local/lib/python3.12/site-packages/***/task/task_runner/standard_task_runner.py:70: DeprecationWarning: This process (pid=468) is multi-threaded, use of fork() may lead to deadlocks in the child.
  pid = os.fork()

[2025-08-23T10:02:19.839+0000] {standard_task_runner.py:72} INFO - Started process 470 to run task
[2025-08-23T10:02:19.837+0000] {standard_task_runner.py:104} INFO - Running: ['***', 'tasks', 'run', 'etl_pipeline_stg', 'create_and_load_data', 'manual__2025-08-23T10:02:09+00:00', '--job-id', '8', '--raw', '--subdir', 'DAGS_FOLDER/etl_pipeline_stg.py', '--cfg-path', '/tmp/tmpdedpf7ic']
[2025-08-23T10:02:19.841+0000] {standard_task_runner.py:105} INFO - Job 8: Subtask create_and_load_data
[2025-08-23T10:02:19.928+0000] {task_command.py:467} INFO - Running <TaskInstance: etl_pipeline_stg.create_and_load_data manual__2025-08-23T10:02:09+00:00 [running]> on host 9be0982b6f04
[2025-08-23T10:02:20.038+0000] {taskinstance.py:3122} INFO - Exporting env vars: AIRFLOW_CTX_DAG_OWNER='***' AIRFLOW_CTX_DAG_ID='etl_pipeline_stg' AIRFLOW_CTX_TASK_ID='create_and_load_data' AIRFLOW_CTX_EXECUTION_DATE='2025-08-23T10:02:09+00:00' AIRFLOW_CTX_TRY_NUMBER='1' AIRFLOW_CTX_DAG_RUN_ID='manual__2025-08-23T10:02:09+00:00'
[2025-08-23T10:02:20.039+0000] {taskinstance.py:731} INFO - ::endgroup::
[2025-08-23T10:02:20.638+0000] {base.py:84} INFO - Retrieving connection 'datalake_1'
[2025-08-23T10:02:20.878+0000] {logging_mixin.py:190} INFO - Data loaded to STG schema for offshore_plants in table 'offshore_plants_stg' successfully.
[2025-08-23T10:02:20.933+0000] {logging_mixin.py:190} INFO - Data loaded to STG schema for special_ships in table 'special_ships_stg' successfully.
[2025-08-23T10:02:20.987+0000] {logging_mixin.py:190} INFO - Data loaded to STG schema for merchant_ships in table 'merchant_ships_stg' successfully.
[2025-08-23T10:02:20.997+0000] {logging_mixin.py:190} INFO - Product master data loaded to 'stg.product_master_stg' successfully.
[2025-08-23T10:02:21.013+0000] {logging_mixin.py:190} INFO - Country master data loaded to 'stg.country_master_stg' successfully.
[2025-08-23T10:08:03.190+0000] {job.py:229} INFO - Heartbeat recovered after 343.73 seconds
[2025-08-23T10:08:13.561+0000] {logging_mixin.py:190} INFO - Movement logs data loaded to 'stg.movement_logs_stg' successfully.
[2025-08-23T10:08:13.598+0000] {python.py:240} INFO - Done. Returned value was: None
[2025-08-23T10:08:13.636+0000] {taskinstance.py:340} INFO - ::group::Post task execution logs
[2025-08-23T10:08:13.637+0000] {taskinstance.py:352} INFO - Marking task as SUCCESS. dag_id=etl_pipeline_stg, task_id=create_and_load_data, run_id=manual__2025-08-23T10:02:09+00:00, execution_date=20250823T100209, start_date=20250823T100219, end_date=20250823T100813
[2025-08-23T10:08:13.706+0000] {local_task_job_runner.py:261} INFO - Task exited with return code 0
[2025-08-23T10:08:13.733+0000] {taskinstance.py:3891} INFO - 0 downstream tasks scheduled from follow-on schedule check
[2025-08-23T10:08:13.737+0000] {local_task_job_runner.py:240} INFO - ::endgroup::
