[2025-08-22T05:06:36.368+0000] {local_task_job_runner.py:123} INFO - ::group::Pre task execution logs
[2025-08-22T05:06:36.407+0000] {taskinstance.py:2603} INFO - Dependencies all met for dep_context=non-requeueable deps ti=<TaskInstance: etl_pipeline_mart.transform_special_to_mart manual__2025-08-22T05:06:31+00:00 [queued]>
[2025-08-22T05:06:36.428+0000] {taskinstance.py:2603} INFO - Dependencies all met for dep_context=requeueable deps ti=<TaskInstance: etl_pipeline_mart.transform_special_to_mart manual__2025-08-22T05:06:31+00:00 [queued]>
[2025-08-22T05:06:36.428+0000] {taskinstance.py:2856} INFO - Starting attempt 1 of 1
[2025-08-22T05:06:36.467+0000] {taskinstance.py:2879} INFO - Executing <Task(PostgresOperator): transform_special_to_mart> on 2025-08-22 05:06:31+00:00
[2025-08-22T05:06:36.481+0000] {warnings.py:112} WARNING - /home/***/.local/lib/python3.12/site-packages/***/task/task_runner/standard_task_runner.py:70: DeprecationWarning: This process (pid=1672) is multi-threaded, use of fork() may lead to deadlocks in the child.
  pid = os.fork()

[2025-08-22T05:06:36.484+0000] {standard_task_runner.py:72} INFO - Started process 1676 to run task
[2025-08-22T05:06:36.486+0000] {standard_task_runner.py:104} INFO - Running: ['***', 'tasks', 'run', 'etl_pipeline_mart', 'transform_special_to_mart', 'manual__2025-08-22T05:06:31+00:00', '--job-id', '27', '--raw', '--subdir', 'DAGS_FOLDER/etl_pipeline_mart.py', '--cfg-path', '/tmp/tmpspqzbefd']
[2025-08-22T05:06:36.491+0000] {standard_task_runner.py:105} INFO - Job 27: Subtask transform_special_to_mart
[2025-08-22T05:06:36.583+0000] {task_command.py:467} INFO - Running <TaskInstance: etl_pipeline_mart.transform_special_to_mart manual__2025-08-22T05:06:31+00:00 [running]> on host 21c40e4c1785
[2025-08-22T05:06:36.789+0000] {taskinstance.py:3122} INFO - Exporting env vars: AIRFLOW_CTX_DAG_OWNER='***' AIRFLOW_CTX_DAG_ID='etl_pipeline_mart' AIRFLOW_CTX_TASK_ID='transform_special_to_mart' AIRFLOW_CTX_EXECUTION_DATE='2025-08-22T05:06:31+00:00' AIRFLOW_CTX_TRY_NUMBER='1' AIRFLOW_CTX_DAG_RUN_ID='manual__2025-08-22T05:06:31+00:00'
[2025-08-22T05:06:36.790+0000] {taskinstance.py:731} INFO - ::endgroup::
[2025-08-22T05:06:36.839+0000] {sql.py:282} INFO - Executing: 
        -- 특수선 데이터를 정제하여 mart 스키마에 적재
        DROP TABLE IF EXISTS mart.submarines_clean;
        
        CREATE TABLE mart.submarines_clean AS
        SELECT
            project_id,
            product_type as ship_type,
            contract_date,
            country as customer_country_cleaned,
            revenue as order_value,
            build_duration_days
        FROM stg.stg_submarines
        WHERE revenue IS NOT NULL AND revenue > 0;
        
[2025-08-22T05:06:36.863+0000] {base.py:84} INFO - Retrieving connection 'datalake_1'
[2025-08-22T05:06:36.881+0000] {base.py:84} INFO - Retrieving connection 'datalake_1'
[2025-08-22T05:06:36.921+0000] {sql.py:509} INFO - Running statement: 
        -- 특수선 데이터를 정제하여 mart 스키마에 적재
        DROP TABLE IF EXISTS mart.submarines_clean;
        
        CREATE TABLE mart.submarines_clean AS
        SELECT
            project_id,
            product_type as ship_type,
            contract_date,
            country as customer_country_cleaned,
            revenue as order_value,
            build_duration_days
        FROM stg.stg_submarines
        WHERE revenue IS NOT NULL AND revenue > 0;
        , parameters: None
[2025-08-22T05:06:36.925+0000] {sql.py:518} INFO - Rows affected: 36
[2025-08-22T05:06:36.953+0000] {taskinstance.py:340} INFO - ::group::Post task execution logs
[2025-08-22T05:06:36.954+0000] {taskinstance.py:352} INFO - Marking task as SUCCESS. dag_id=etl_pipeline_mart, task_id=transform_special_to_mart, run_id=manual__2025-08-22T05:06:31+00:00, execution_date=20250822T050631, start_date=20250822T050636, end_date=20250822T050636
[2025-08-22T05:06:37.036+0000] {local_task_job_runner.py:261} INFO - Task exited with return code 0
[2025-08-22T05:06:37.057+0000] {warnings.py:112} WARNING - /home/***/.local/lib/python3.12/site-packages/***/models/baseoperator.py:1378: AirflowProviderDeprecationWarning: Call to deprecated class PostgresOperator. (Please use `***.providers.common.sql.operators.sql.SQLExecuteQueryOperator`.Also, you can provide `hook_params={'schema': <database>}`.)
  result = cls.__new__(cls)

[2025-08-22T05:06:37.095+0000] {taskinstance.py:3891} INFO - 0 downstream tasks scheduled from follow-on schedule check
[2025-08-22T05:06:37.101+0000] {local_task_job_runner.py:240} INFO - ::endgroup::
