[2025-08-22T05:43:19.201+0000] {local_task_job_runner.py:123} INFO - ::group::Pre task execution logs
[2025-08-22T05:43:19.294+0000] {taskinstance.py:2603} INFO - Dependencies all met for dep_context=non-requeueable deps ti=<TaskInstance: etl_pipeline_stg.load_offshore_plants manual__2025-08-22T05:43:13+00:00 [queued]>
[2025-08-22T05:43:19.339+0000] {taskinstance.py:2603} INFO - Dependencies all met for dep_context=requeueable deps ti=<TaskInstance: etl_pipeline_stg.load_offshore_plants manual__2025-08-22T05:43:13+00:00 [queued]>
[2025-08-22T05:43:19.339+0000] {taskinstance.py:2856} INFO - Starting attempt 1 of 1
[2025-08-22T05:43:19.396+0000] {taskinstance.py:2879} INFO - Executing <Task(PythonOperator): load_offshore_plants> on 2025-08-22 05:43:13+00:00
[2025-08-22T05:43:19.439+0000] {warnings.py:112} WARNING - /home/***/.local/lib/python3.12/site-packages/***/task/task_runner/standard_task_runner.py:70: DeprecationWarning: This process (pid=2158) is multi-threaded, use of fork() may lead to deadlocks in the child.
  pid = os.fork()

[2025-08-22T05:43:19.440+0000] {standard_task_runner.py:72} INFO - Started process 2165 to run task
[2025-08-22T05:43:19.456+0000] {standard_task_runner.py:104} INFO - Running: ['***', 'tasks', 'run', 'etl_pipeline_stg', 'load_offshore_plants', 'manual__2025-08-22T05:43:13+00:00', '--job-id', '33', '--raw', '--subdir', 'DAGS_FOLDER/etl_pipeline_stg.py', '--cfg-path', '/tmp/tmpigky3s25']
[2025-08-22T05:43:19.471+0000] {standard_task_runner.py:105} INFO - Job 33: Subtask load_offshore_plants
[2025-08-22T05:43:19.813+0000] {task_command.py:467} INFO - Running <TaskInstance: etl_pipeline_stg.load_offshore_plants manual__2025-08-22T05:43:13+00:00 [running]> on host 21c40e4c1785
[2025-08-22T05:43:21.270+0000] {taskinstance.py:3122} INFO - Exporting env vars: AIRFLOW_CTX_DAG_OWNER='***' AIRFLOW_CTX_DAG_ID='etl_pipeline_stg' AIRFLOW_CTX_TASK_ID='load_offshore_plants' AIRFLOW_CTX_EXECUTION_DATE='2025-08-22T05:43:13+00:00' AIRFLOW_CTX_TRY_NUMBER='1' AIRFLOW_CTX_DAG_RUN_ID='manual__2025-08-22T05:43:13+00:00'
[2025-08-22T05:43:21.274+0000] {taskinstance.py:731} INFO - ::endgroup::
[2025-08-22T05:43:21.352+0000] {logging_mixin.py:190} INFO - Creating and loading offshore plant data for interval: 2025-08-21 00:00:00+09:00 to 2025-08-22 00:00:00+09:00
[2025-08-22T05:43:21.656+0000] {base.py:84} INFO - Retrieving connection 'datalake_1'
[2025-08-22T05:43:22.264+0000] {logging_mixin.py:190} INFO - Offshore plant data loaded to STG schema successfully.
[2025-08-22T05:43:22.265+0000] {python.py:240} INFO - Done. Returned value was: None
[2025-08-22T05:43:22.319+0000] {taskinstance.py:340} INFO - ::group::Post task execution logs
[2025-08-22T05:43:22.322+0000] {taskinstance.py:352} INFO - Marking task as SUCCESS. dag_id=etl_pipeline_stg, task_id=load_offshore_plants, run_id=manual__2025-08-22T05:43:13+00:00, execution_date=20250822T054313, start_date=20250822T054319, end_date=20250822T054322
[2025-08-22T05:43:22.443+0000] {local_task_job_runner.py:261} INFO - Task exited with return code 0
[2025-08-22T05:43:22.511+0000] {taskinstance.py:3891} INFO - 0 downstream tasks scheduled from follow-on schedule check
[2025-08-22T05:43:22.519+0000] {local_task_job_runner.py:240} INFO - ::endgroup::
