[2025-08-23T10:14:25.897+0000] {local_task_job_runner.py:123} INFO - ::group::Pre task execution logs
[2025-08-23T10:14:26.145+0000] {taskinstance.py:2603} INFO - Dependencies all met for dep_context=non-requeueable deps ti=<TaskInstance: etl_pipeline_bi.aggregate_to_bi manual__2025-08-23T10:14:24.462487+00:00 [queued]>
[2025-08-23T10:14:26.155+0000] {taskinstance.py:2603} INFO - Dependencies all met for dep_context=requeueable deps ti=<TaskInstance: etl_pipeline_bi.aggregate_to_bi manual__2025-08-23T10:14:24.462487+00:00 [queued]>
[2025-08-23T10:14:26.155+0000] {taskinstance.py:2856} INFO - Starting attempt 1 of 1
[2025-08-23T10:14:26.169+0000] {taskinstance.py:2879} INFO - Executing <Task(PostgresOperator): aggregate_to_bi> on 2025-08-23 10:14:24.462487+00:00
[2025-08-23T10:14:26.179+0000] {warnings.py:112} WARNING - /home/***/.local/lib/python3.12/site-packages/***/task/task_runner/standard_task_runner.py:70: DeprecationWarning: This process (pid=90) is multi-threaded, use of fork() may lead to deadlocks in the child.
  pid = os.fork()

[2025-08-23T10:14:26.180+0000] {standard_task_runner.py:72} INFO - Started process 92 to run task
[2025-08-23T10:14:26.182+0000] {standard_task_runner.py:104} INFO - Running: ['***', 'tasks', 'run', 'etl_pipeline_bi', 'aggregate_to_bi', 'manual__2025-08-23T10:14:24.462487+00:00', '--job-id', '13', '--raw', '--subdir', 'DAGS_FOLDER/etl_pipeline_bi.py', '--cfg-path', '/tmp/tmp8nn9fxw5']
[2025-08-23T10:14:26.184+0000] {standard_task_runner.py:105} INFO - Job 13: Subtask aggregate_to_bi
[2025-08-23T10:14:26.232+0000] {task_command.py:467} INFO - Running <TaskInstance: etl_pipeline_bi.aggregate_to_bi manual__2025-08-23T10:14:24.462487+00:00 [running]> on host 1a0ff63928d4
[2025-08-23T10:14:26.313+0000] {taskinstance.py:3122} INFO - Exporting env vars: AIRFLOW_CTX_DAG_OWNER='***' AIRFLOW_CTX_DAG_ID='etl_pipeline_bi' AIRFLOW_CTX_TASK_ID='aggregate_to_bi' AIRFLOW_CTX_EXECUTION_DATE='2025-08-23T10:14:24.462487+00:00' AIRFLOW_CTX_TRY_NUMBER='1' AIRFLOW_CTX_DAG_RUN_ID='manual__2025-08-23T10:14:24.462487+00:00'
[2025-08-23T10:14:26.315+0000] {taskinstance.py:731} INFO - ::endgroup::
[2025-08-23T10:14:26.329+0000] {sql.py:282} INFO - Executing: 
        -- 매번 DAG가 실행될 때마다 테이블을 새로 생성
        DROP TABLE IF EXISTS bi.aggregated_bi_data;

        CREATE TABLE bi.aggregated_bi_data AS
        -- 상선 데이터 통합
        SELECT
            project_id,
            contract_date,
            business_unit,
            product_type,
            country,
            revenue,
            build_duration_days,
            delivery_date,
            stage_progress,
            global_freight_index,
            vessel_utilization_rate,
            weather_risk_index,
            recommended_route_score,
            NULL::INTEGER AS well_depth_meters,
            NULL::TEXT AS drilling_rig_type,
            NULL::INTEGER AS drilling_duration_days,
            NULL::INTEGER AS geopolitical_risk_index,
            NULL::BIGINT AS mro_contract_revenue,
            NULL::INTEGER AS patrol_days_per_maintenance_cycle,
            NULL::TEXT AS model_type,
            NULL::INTEGER AS fleet_size,
            latitude,
            longitude,
            product_description,
            continent,
            geo_region,
            '2025-08-23'::date AS etl_dtm
        FROM mart.merchant_ships_clean

        UNION ALL

        -- 해양플랜트 데이터 통합
        SELECT
            project_id,
            contract_date,
            business_unit,
            product_type,
            country,
            revenue,
            build_duration_days,
            delivery_date,
            stage_progress,
            NULL::FLOAT AS global_freight_index,
            NULL::FLOAT AS vessel_utilization_rate,
            NULL::INTEGER AS weather_risk_index,
            NULL::INTEGER AS recommended_route_score,
            well_depth_meters,
            drilling_rig_type,
            drilling_duration_days,
            NULL::INTEGER AS geopolitical_risk_index,
            NULL::BIGINT AS mro_contract_revenue,
            NULL::INTEGER AS patrol_days_per_maintenance_cycle,
            NULL::TEXT AS model_type,
            NULL::INTEGER AS fleet_size,
            latitude,
            longitude,
            product_description,
            continent,
            geo_region,
            '2025-08-23'::date AS etl_dtm
        FROM mart.offshore_plants_clean

        UNION ALL

        -- 특수선 데이터 통합
        SELECT
            project_id,
            contract_date,
            business_unit,
            product_type,
            country,
            revenue,
            build_duration_days,
            delivery_date,
            stage_progress,
            NULL::FLOAT AS global_freight_index,
            NULL::FLOAT AS vessel_utilization_rate,
            NULL::INTEGER AS weather_risk_index,
            NULL::INTEGER AS recommended_route_score,
            NULL::INTEGER AS well_depth_meters,
            NULL::TEXT AS drilling_rig_type,
            NULL::INTEGER AS drilling_duration_days,
            geopolitical_risk_index,
            mro_contract_revenue,
            patrol_days_per_maintenance_cycle,
            model_type,
            fleet_size,
            latitude,
            longitude,
            product_description,
            continent,
            geo_region,
            '2025-08-23'::date AS etl_dtm
        FROM mart.special_ships_clean;
        
[2025-08-23T10:14:26.339+0000] {base.py:84} INFO - Retrieving connection 'datalake_1'
[2025-08-23T10:14:26.350+0000] {base.py:84} INFO - Retrieving connection 'datalake_1'
[2025-08-23T10:14:26.377+0000] {sql.py:509} INFO - Running statement: 
        -- 매번 DAG가 실행될 때마다 테이블을 새로 생성
        DROP TABLE IF EXISTS bi.aggregated_bi_data;

        CREATE TABLE bi.aggregated_bi_data AS
        -- 상선 데이터 통합
        SELECT
            project_id,
            contract_date,
            business_unit,
            product_type,
            country,
            revenue,
            build_duration_days,
            delivery_date,
            stage_progress,
            global_freight_index,
            vessel_utilization_rate,
            weather_risk_index,
            recommended_route_score,
            NULL::INTEGER AS well_depth_meters,
            NULL::TEXT AS drilling_rig_type,
            NULL::INTEGER AS drilling_duration_days,
            NULL::INTEGER AS geopolitical_risk_index,
            NULL::BIGINT AS mro_contract_revenue,
            NULL::INTEGER AS patrol_days_per_maintenance_cycle,
            NULL::TEXT AS model_type,
            NULL::INTEGER AS fleet_size,
            latitude,
            longitude,
            product_description,
            continent,
            geo_region,
            '2025-08-23'::date AS etl_dtm
        FROM mart.merchant_ships_clean

        UNION ALL

        -- 해양플랜트 데이터 통합
        SELECT
            project_id,
            contract_date,
            business_unit,
            product_type,
            country,
            revenue,
            build_duration_days,
            delivery_date,
            stage_progress,
            NULL::FLOAT AS global_freight_index,
            NULL::FLOAT AS vessel_utilization_rate,
            NULL::INTEGER AS weather_risk_index,
            NULL::INTEGER AS recommended_route_score,
            well_depth_meters,
            drilling_rig_type,
            drilling_duration_days,
            NULL::INTEGER AS geopolitical_risk_index,
            NULL::BIGINT AS mro_contract_revenue,
            NULL::INTEGER AS patrol_days_per_maintenance_cycle,
            NULL::TEXT AS model_type,
            NULL::INTEGER AS fleet_size,
            latitude,
            longitude,
            product_description,
            continent,
            geo_region,
            '2025-08-23'::date AS etl_dtm
        FROM mart.offshore_plants_clean

        UNION ALL

        -- 특수선 데이터 통합
        SELECT
            project_id,
            contract_date,
            business_unit,
            product_type,
            country,
            revenue,
            build_duration_days,
            delivery_date,
            stage_progress,
            NULL::FLOAT AS global_freight_index,
            NULL::FLOAT AS vessel_utilization_rate,
            NULL::INTEGER AS weather_risk_index,
            NULL::INTEGER AS recommended_route_score,
            NULL::INTEGER AS well_depth_meters,
            NULL::TEXT AS drilling_rig_type,
            NULL::INTEGER AS drilling_duration_days,
            geopolitical_risk_index,
            mro_contract_revenue,
            patrol_days_per_maintenance_cycle,
            model_type,
            fleet_size,
            latitude,
            longitude,
            product_description,
            continent,
            geo_region,
            '2025-08-23'::date AS etl_dtm
        FROM mart.special_ships_clean;
        , parameters: None
[2025-08-23T10:14:26.386+0000] {sql.py:518} INFO - Rows affected: 1000
[2025-08-23T10:14:26.399+0000] {taskinstance.py:340} INFO - ::group::Post task execution logs
[2025-08-23T10:14:26.399+0000] {taskinstance.py:352} INFO - Marking task as SUCCESS. dag_id=etl_pipeline_bi, task_id=aggregate_to_bi, run_id=manual__2025-08-23T10:14:24.462487+00:00, execution_date=20250823T101424, start_date=20250823T101426, end_date=20250823T101426
[2025-08-23T10:14:26.436+0000] {local_task_job_runner.py:261} INFO - Task exited with return code 0
[2025-08-23T10:14:26.447+0000] {warnings.py:112} WARNING - /home/***/.local/lib/python3.12/site-packages/***/models/baseoperator.py:1378: AirflowProviderDeprecationWarning: Call to deprecated class PostgresOperator. (Please use `***.providers.common.sql.operators.sql.SQLExecuteQueryOperator`.Also, you can provide `hook_params={'schema': <database>}`.)
  result = cls.__new__(cls)

[2025-08-23T10:14:26.456+0000] {taskinstance.py:3891} INFO - 0 downstream tasks scheduled from follow-on schedule check
[2025-08-23T10:14:26.457+0000] {local_task_job_runner.py:240} INFO - ::endgroup::
