[2025-08-23T10:14:09.107+0000] {local_task_job_runner.py:123} INFO - ::group::Pre task execution logs
[2025-08-23T10:14:09.352+0000] {taskinstance.py:2603} INFO - Dependencies all met for dep_context=non-requeueable deps ti=<TaskInstance: etl_pipeline_mart.transform_special_ships manual__2025-08-23T10:14:01.579076+00:00 [queued]>
[2025-08-23T10:14:09.360+0000] {taskinstance.py:2603} INFO - Dependencies all met for dep_context=requeueable deps ti=<TaskInstance: etl_pipeline_mart.transform_special_ships manual__2025-08-23T10:14:01.579076+00:00 [queued]>
[2025-08-23T10:14:09.361+0000] {taskinstance.py:2856} INFO - Starting attempt 1 of 1
[2025-08-23T10:14:09.374+0000] {taskinstance.py:2879} INFO - Executing <Task(PostgresOperator): transform_special_ships> on 2025-08-23 10:14:01.579076+00:00
[2025-08-23T10:14:09.384+0000] {warnings.py:112} WARNING - /home/***/.local/lib/python3.12/site-packages/***/task/task_runner/standard_task_runner.py:70: DeprecationWarning: This process (pid=78) is multi-threaded, use of fork() may lead to deadlocks in the child.
  pid = os.fork()

[2025-08-23T10:14:09.386+0000] {standard_task_runner.py:72} INFO - Started process 80 to run task
[2025-08-23T10:14:09.386+0000] {standard_task_runner.py:104} INFO - Running: ['***', 'tasks', 'run', 'etl_pipeline_mart', 'transform_special_ships', 'manual__2025-08-23T10:14:01.579076+00:00', '--job-id', '12', '--raw', '--subdir', 'DAGS_FOLDER/etl_pipeline_mart.py', '--cfg-path', '/tmp/tmp6az7khd0']
[2025-08-23T10:14:09.389+0000] {standard_task_runner.py:105} INFO - Job 12: Subtask transform_special_ships
[2025-08-23T10:14:09.438+0000] {task_command.py:467} INFO - Running <TaskInstance: etl_pipeline_mart.transform_special_ships manual__2025-08-23T10:14:01.579076+00:00 [running]> on host 1a0ff63928d4
[2025-08-23T10:14:09.516+0000] {taskinstance.py:3122} INFO - Exporting env vars: AIRFLOW_CTX_DAG_OWNER='***' AIRFLOW_CTX_DAG_ID='etl_pipeline_mart' AIRFLOW_CTX_TASK_ID='transform_special_ships' AIRFLOW_CTX_EXECUTION_DATE='2025-08-23T10:14:01.579076+00:00' AIRFLOW_CTX_TRY_NUMBER='1' AIRFLOW_CTX_DAG_RUN_ID='manual__2025-08-23T10:14:01.579076+00:00'
[2025-08-23T10:14:09.517+0000] {taskinstance.py:731} INFO - ::endgroup::
[2025-08-23T10:14:09.531+0000] {sql.py:282} INFO - Executing: 
        DROP TABLE IF EXISTS mart.special_ships_clean;

        CREATE TABLE mart.special_ships_clean AS
        SELECT
            ss.project_id,
            ss.contract_date,
            ss.business_unit,
            ss.product_type,
            ss.country,
            CAST(ss.revenue AS BIGINT) AS revenue,
            CAST(ss.build_duration_days AS INTEGER) AS build_duration_days,
            ss.delivery_date,
            ss.stage_progress,
            ss.geopolitical_risk_index,
            ss.mro_contract_revenue,
            ss.patrol_days_per_maintenance_cycle,
            ss.model_type,
            ss.fleet_size,
            pm.product_description,
            cm.continent,
            cm.geo_region,
            ss.latitude,
            ss.longitude,
            '2025-08-23'::date AS etl_dtm
        FROM stg.special_ships_stg AS ss
        LEFT JOIN stg.product_master_stg AS pm ON ss.product_type = pm.product_type
        LEFT JOIN stg.country_master_stg AS cm ON ss.country = cm.country;
        
[2025-08-23T10:14:09.540+0000] {base.py:84} INFO - Retrieving connection 'datalake_1'
[2025-08-23T10:14:09.549+0000] {base.py:84} INFO - Retrieving connection 'datalake_1'
[2025-08-23T10:14:09.573+0000] {sql.py:509} INFO - Running statement: 
        DROP TABLE IF EXISTS mart.special_ships_clean;

        CREATE TABLE mart.special_ships_clean AS
        SELECT
            ss.project_id,
            ss.contract_date,
            ss.business_unit,
            ss.product_type,
            ss.country,
            CAST(ss.revenue AS BIGINT) AS revenue,
            CAST(ss.build_duration_days AS INTEGER) AS build_duration_days,
            ss.delivery_date,
            ss.stage_progress,
            ss.geopolitical_risk_index,
            ss.mro_contract_revenue,
            ss.patrol_days_per_maintenance_cycle,
            ss.model_type,
            ss.fleet_size,
            pm.product_description,
            cm.continent,
            cm.geo_region,
            ss.latitude,
            ss.longitude,
            '2025-08-23'::date AS etl_dtm
        FROM stg.special_ships_stg AS ss
        LEFT JOIN stg.product_master_stg AS pm ON ss.product_type = pm.product_type
        LEFT JOIN stg.country_master_stg AS cm ON ss.country = cm.country;
        , parameters: None
[2025-08-23T10:14:09.579+0000] {sql.py:518} INFO - Rows affected: 330
[2025-08-23T10:14:09.591+0000] {taskinstance.py:340} INFO - ::group::Post task execution logs
[2025-08-23T10:14:09.591+0000] {taskinstance.py:352} INFO - Marking task as SUCCESS. dag_id=etl_pipeline_mart, task_id=transform_special_ships, run_id=manual__2025-08-23T10:14:01.579076+00:00, execution_date=20250823T101401, start_date=20250823T101409, end_date=20250823T101409
[2025-08-23T10:14:09.641+0000] {local_task_job_runner.py:261} INFO - Task exited with return code 0
[2025-08-23T10:14:09.652+0000] {warnings.py:112} WARNING - /home/***/.local/lib/python3.12/site-packages/***/models/baseoperator.py:1378: AirflowProviderDeprecationWarning: Call to deprecated class PostgresOperator. (Please use `***.providers.common.sql.operators.sql.SQLExecuteQueryOperator`.Also, you can provide `hook_params={'schema': <database>}`.)
  result = cls.__new__(cls)

[2025-08-23T10:14:09.661+0000] {taskinstance.py:3891} INFO - 0 downstream tasks scheduled from follow-on schedule check
[2025-08-23T10:14:09.663+0000] {local_task_job_runner.py:240} INFO - ::endgroup::
