[2025-08-22T06:02:14.513+0000] {local_task_job_runner.py:123} INFO - ::group::Pre task execution logs
[2025-08-22T06:02:14.552+0000] {taskinstance.py:2603} INFO - Dependencies all met for dep_context=non-requeueable deps ti=<TaskInstance: etl_pipeline_mart.transform_offshore_plants manual__2025-08-22T06:02:06+00:00 [queued]>
[2025-08-22T06:02:14.581+0000] {taskinstance.py:2603} INFO - Dependencies all met for dep_context=requeueable deps ti=<TaskInstance: etl_pipeline_mart.transform_offshore_plants manual__2025-08-22T06:02:06+00:00 [queued]>
[2025-08-22T06:02:14.581+0000] {taskinstance.py:2856} INFO - Starting attempt 1 of 1
[2025-08-22T06:02:14.609+0000] {taskinstance.py:2879} INFO - Executing <Task(PostgresOperator): transform_offshore_plants> on 2025-08-22 06:02:06+00:00
[2025-08-22T06:02:14.643+0000] {warnings.py:112} WARNING - /home/***/.local/lib/python3.12/site-packages/***/task/task_runner/standard_task_runner.py:70: DeprecationWarning: This process (pid=2478) is multi-threaded, use of fork() may lead to deadlocks in the child.
  pid = os.fork()

[2025-08-22T06:02:14.650+0000] {standard_task_runner.py:72} INFO - Started process 2487 to run task
[2025-08-22T06:02:14.663+0000] {standard_task_runner.py:104} INFO - Running: ['***', 'tasks', 'run', 'etl_pipeline_mart', 'transform_offshore_plants', 'manual__2025-08-22T06:02:06+00:00', '--job-id', '54', '--raw', '--subdir', 'DAGS_FOLDER/etl_pipeline_mart.py', '--cfg-path', '/tmp/tmppnz9p3vj']
[2025-08-22T06:02:14.668+0000] {standard_task_runner.py:105} INFO - Job 54: Subtask transform_offshore_plants
[2025-08-22T06:02:14.857+0000] {task_command.py:467} INFO - Running <TaskInstance: etl_pipeline_mart.transform_offshore_plants manual__2025-08-22T06:02:06+00:00 [running]> on host 21c40e4c1785
[2025-08-22T06:02:15.290+0000] {taskinstance.py:3122} INFO - Exporting env vars: AIRFLOW_CTX_DAG_OWNER='***' AIRFLOW_CTX_DAG_ID='etl_pipeline_mart' AIRFLOW_CTX_TASK_ID='transform_offshore_plants' AIRFLOW_CTX_EXECUTION_DATE='2025-08-22T06:02:06+00:00' AIRFLOW_CTX_TRY_NUMBER='1' AIRFLOW_CTX_DAG_RUN_ID='manual__2025-08-22T06:02:06+00:00'
[2025-08-22T06:02:15.295+0000] {taskinstance.py:731} INFO - ::endgroup::
[2025-08-22T06:02:15.369+0000] {sql.py:282} INFO - Executing: 
        DROP TABLE IF EXISTS mart.offshore_plants_clean;

        CREATE TABLE mart.offshore_plants_clean AS
        SELECT
            project_id,
            contract_date,
            business_unit,
            product_type,
            country,
            CAST(revenue AS BIGINT) AS revenue,
            CAST(build_duration_days AS INTEGER) AS build_duration_days,
            delivery_date,
            stage_progress,
            well_depth_meters,
            drilling_rig_type,
            drilling_duration_days,
            latitude,
            longitude
        FROM stg.offshore_plants_stg
        WHERE contract_date BETWEEN '2024-01-01 00:00:00' AND '2025-08-22 00:00:00';
        
[2025-08-22T06:02:15.411+0000] {base.py:84} INFO - Retrieving connection 'datalake_1'
[2025-08-22T06:02:15.449+0000] {base.py:84} INFO - Retrieving connection 'datalake_1'
[2025-08-22T06:02:15.521+0000] {sql.py:509} INFO - Running statement: 
        DROP TABLE IF EXISTS mart.offshore_plants_clean;

        CREATE TABLE mart.offshore_plants_clean AS
        SELECT
            project_id,
            contract_date,
            business_unit,
            product_type,
            country,
            CAST(revenue AS BIGINT) AS revenue,
            CAST(build_duration_days AS INTEGER) AS build_duration_days,
            delivery_date,
            stage_progress,
            well_depth_meters,
            drilling_rig_type,
            drilling_duration_days,
            latitude,
            longitude
        FROM stg.offshore_plants_stg
        WHERE contract_date BETWEEN '2024-01-01 00:00:00' AND '2025-08-22 00:00:00';
        , parameters: None
[2025-08-22T06:02:15.527+0000] {sql.py:518} INFO - Rows affected: 320
[2025-08-22T06:02:15.604+0000] {taskinstance.py:340} INFO - ::group::Post task execution logs
[2025-08-22T06:02:15.611+0000] {taskinstance.py:352} INFO - Marking task as SUCCESS. dag_id=etl_pipeline_mart, task_id=transform_offshore_plants, run_id=manual__2025-08-22T06:02:06+00:00, execution_date=20250822T060206, start_date=20250822T060214, end_date=20250822T060215
[2025-08-22T06:02:15.769+0000] {local_task_job_runner.py:261} INFO - Task exited with return code 0
[2025-08-22T06:02:15.828+0000] {local_task_job_runner.py:240} INFO - ::endgroup::
