[2025-08-22T05:06:36.581+0000] {local_task_job_runner.py:123} INFO - ::group::Pre task execution logs
[2025-08-22T05:06:36.623+0000] {taskinstance.py:2603} INFO - Dependencies all met for dep_context=non-requeueable deps ti=<TaskInstance: etl_pipeline_mart.transform_offshore_to_mart manual__2025-08-22T05:06:31+00:00 [queued]>
[2025-08-22T05:06:36.648+0000] {taskinstance.py:2603} INFO - Dependencies all met for dep_context=requeueable deps ti=<TaskInstance: etl_pipeline_mart.transform_offshore_to_mart manual__2025-08-22T05:06:31+00:00 [queued]>
[2025-08-22T05:06:36.648+0000] {taskinstance.py:2856} INFO - Starting attempt 1 of 1
[2025-08-22T05:06:36.680+0000] {taskinstance.py:2879} INFO - Executing <Task(PostgresOperator): transform_offshore_to_mart> on 2025-08-22 05:06:31+00:00
[2025-08-22T05:06:36.705+0000] {warnings.py:112} WARNING - /home/***/.local/lib/python3.12/site-packages/***/task/task_runner/standard_task_runner.py:70: DeprecationWarning: This process (pid=1670) is multi-threaded, use of fork() may lead to deadlocks in the child.
  pid = os.fork()

[2025-08-22T05:06:36.707+0000] {standard_task_runner.py:72} INFO - Started process 1678 to run task
[2025-08-22T05:06:36.710+0000] {standard_task_runner.py:104} INFO - Running: ['***', 'tasks', 'run', 'etl_pipeline_mart', 'transform_offshore_to_mart', 'manual__2025-08-22T05:06:31+00:00', '--job-id', '28', '--raw', '--subdir', 'DAGS_FOLDER/etl_pipeline_mart.py', '--cfg-path', '/tmp/tmp4hw7h3v8']
[2025-08-22T05:06:36.719+0000] {standard_task_runner.py:105} INFO - Job 28: Subtask transform_offshore_to_mart
[2025-08-22T05:06:36.806+0000] {task_command.py:467} INFO - Running <TaskInstance: etl_pipeline_mart.transform_offshore_to_mart manual__2025-08-22T05:06:31+00:00 [running]> on host 21c40e4c1785
[2025-08-22T05:06:36.969+0000] {taskinstance.py:3122} INFO - Exporting env vars: AIRFLOW_CTX_DAG_OWNER='***' AIRFLOW_CTX_DAG_ID='etl_pipeline_mart' AIRFLOW_CTX_TASK_ID='transform_offshore_to_mart' AIRFLOW_CTX_EXECUTION_DATE='2025-08-22T05:06:31+00:00' AIRFLOW_CTX_TRY_NUMBER='1' AIRFLOW_CTX_DAG_RUN_ID='manual__2025-08-22T05:06:31+00:00'
[2025-08-22T05:06:36.970+0000] {taskinstance.py:731} INFO - ::endgroup::
[2025-08-22T05:06:37.053+0000] {sql.py:282} INFO - Executing: 
        -- 해양플랜트 데이터를 정제하여 mart 스키마에 적재
        DROP TABLE IF EXISTS mart.drill_ships_clean;
        
        CREATE TABLE mart.drill_ships_clean AS
        SELECT
            project_id,
            product_type as ship_type,
            contract_date,
            country as customer_country_cleaned,
            revenue as order_value,
            build_duration_days
        FROM stg.stg_drill_ships
        WHERE revenue IS NOT NULL AND revenue > 0;
        
[2025-08-22T05:06:37.080+0000] {base.py:84} INFO - Retrieving connection 'datalake_1'
[2025-08-22T05:06:37.102+0000] {base.py:84} INFO - Retrieving connection 'datalake_1'
[2025-08-22T05:06:37.138+0000] {sql.py:509} INFO - Running statement: 
        -- 해양플랜트 데이터를 정제하여 mart 스키마에 적재
        DROP TABLE IF EXISTS mart.drill_ships_clean;
        
        CREATE TABLE mart.drill_ships_clean AS
        SELECT
            project_id,
            product_type as ship_type,
            contract_date,
            country as customer_country_cleaned,
            revenue as order_value,
            build_duration_days
        FROM stg.stg_drill_ships
        WHERE revenue IS NOT NULL AND revenue > 0;
        , parameters: None
[2025-08-22T05:06:37.144+0000] {sql.py:518} INFO - Rows affected: 28
[2025-08-22T05:06:37.168+0000] {taskinstance.py:340} INFO - ::group::Post task execution logs
[2025-08-22T05:06:37.169+0000] {taskinstance.py:352} INFO - Marking task as SUCCESS. dag_id=etl_pipeline_mart, task_id=transform_offshore_to_mart, run_id=manual__2025-08-22T05:06:31+00:00, execution_date=20250822T050631, start_date=20250822T050636, end_date=20250822T050637
[2025-08-22T05:06:37.218+0000] {local_task_job_runner.py:261} INFO - Task exited with return code 0
[2025-08-22T05:06:37.232+0000] {warnings.py:112} WARNING - /home/***/.local/lib/python3.12/site-packages/***/models/baseoperator.py:1378: AirflowProviderDeprecationWarning: Call to deprecated class PostgresOperator. (Please use `***.providers.common.sql.operators.sql.SQLExecuteQueryOperator`.Also, you can provide `hook_params={'schema': <database>}`.)
  result = cls.__new__(cls)

[2025-08-22T05:06:37.262+0000] {taskinstance.py:3891} INFO - 0 downstream tasks scheduled from follow-on schedule check
[2025-08-22T05:06:37.269+0000] {local_task_job_runner.py:240} INFO - ::endgroup::
