[2025-08-22T05:06:52.942+0000] {local_task_job_runner.py:123} INFO - ::group::Pre task execution logs
[2025-08-22T05:06:52.964+0000] {taskinstance.py:2603} INFO - Dependencies all met for dep_context=non-requeueable deps ti=<TaskInstance: etl_pipeline_bi.create_map_data_to_bi manual__2025-08-22T05:03:53+00:00 [queued]>
[2025-08-22T05:06:52.976+0000] {taskinstance.py:2603} INFO - Dependencies all met for dep_context=requeueable deps ti=<TaskInstance: etl_pipeline_bi.create_map_data_to_bi manual__2025-08-22T05:03:53+00:00 [queued]>
[2025-08-22T05:06:52.977+0000] {taskinstance.py:2856} INFO - Starting attempt 2 of 2
[2025-08-22T05:06:52.994+0000] {taskinstance.py:2879} INFO - Executing <Task(PostgresOperator): create_map_data_to_bi> on 2025-08-22 05:03:53+00:00
[2025-08-22T05:06:53.009+0000] {warnings.py:112} WARNING - /home/***/.local/lib/python3.12/site-packages/***/task/task_runner/standard_task_runner.py:70: DeprecationWarning: This process (pid=1683) is multi-threaded, use of fork() may lead to deadlocks in the child.
  pid = os.fork()

[2025-08-22T05:06:53.013+0000] {standard_task_runner.py:72} INFO - Started process 1688 to run task
[2025-08-22T05:06:53.012+0000] {standard_task_runner.py:104} INFO - Running: ['***', 'tasks', 'run', 'etl_pipeline_bi', 'create_map_data_to_bi', 'manual__2025-08-22T05:03:53+00:00', '--job-id', '31', '--raw', '--subdir', 'DAGS_FOLDER/etl_pipeline_bi.py', '--cfg-path', '/tmp/tmpvib0i279']
[2025-08-22T05:06:53.017+0000] {standard_task_runner.py:105} INFO - Job 31: Subtask create_map_data_to_bi
[2025-08-22T05:06:53.089+0000] {task_command.py:467} INFO - Running <TaskInstance: etl_pipeline_bi.create_map_data_to_bi manual__2025-08-22T05:03:53+00:00 [running]> on host 21c40e4c1785
[2025-08-22T05:06:53.212+0000] {taskinstance.py:3122} INFO - Exporting env vars: AIRFLOW_CTX_DAG_OWNER='***' AIRFLOW_CTX_DAG_ID='etl_pipeline_bi' AIRFLOW_CTX_TASK_ID='create_map_data_to_bi' AIRFLOW_CTX_EXECUTION_DATE='2025-08-22T05:03:53+00:00' AIRFLOW_CTX_TRY_NUMBER='2' AIRFLOW_CTX_DAG_RUN_ID='manual__2025-08-22T05:03:53+00:00'
[2025-08-22T05:06:53.213+0000] {taskinstance.py:731} INFO - ::endgroup::
[2025-08-22T05:06:53.229+0000] {sql.py:282} INFO - Executing: 
        DROP TABLE IF EXISTS bi.shipbuilding_map_data;
        
        CREATE TABLE bi.shipbuilding_map_data AS
        SELECT
            project_id,
            business_unit,
            product_type,
            country,
            revenue,
            latitude,
            longitude
        FROM (
            SELECT
                project_id,
                business_unit,
                product_type,
                revenue,
                country,
                latitude,
                longitude
            FROM stg.stg_container_ships
            
            UNION ALL
            
            SELECT
                project_id,
                business_unit,
                product_type,
                revenue,
                country,
                latitude,
                longitude
            FROM stg.stg_drill_ships
            
            UNION ALL
            
            SELECT
                project_id,
                business_unit,
                product_type,
                revenue,
                country,
                latitude,
                longitude
            FROM stg.stg_submarines
        ) AS combined_stg_data
        WHERE latitude IS NOT NULL AND longitude IS NOT NULL;
        
[2025-08-22T05:06:53.240+0000] {base.py:84} INFO - Retrieving connection 'datalake_1'
[2025-08-22T05:06:53.249+0000] {base.py:84} INFO - Retrieving connection 'datalake_1'
[2025-08-22T05:06:53.275+0000] {sql.py:509} INFO - Running statement: 
        DROP TABLE IF EXISTS bi.shipbuilding_map_data;
        
        CREATE TABLE bi.shipbuilding_map_data AS
        SELECT
            project_id,
            business_unit,
            product_type,
            country,
            revenue,
            latitude,
            longitude
        FROM (
            SELECT
                project_id,
                business_unit,
                product_type,
                revenue,
                country,
                latitude,
                longitude
            FROM stg.stg_container_ships
            
            UNION ALL
            
            SELECT
                project_id,
                business_unit,
                product_type,
                revenue,
                country,
                latitude,
                longitude
            FROM stg.stg_drill_ships
            
            UNION ALL
            
            SELECT
                project_id,
                business_unit,
                product_type,
                revenue,
                country,
                latitude,
                longitude
            FROM stg.stg_submarines
        ) AS combined_stg_data
        WHERE latitude IS NOT NULL AND longitude IS NOT NULL;
        , parameters: None
[2025-08-22T05:06:53.278+0000] {sql.py:518} INFO - Rows affected: 94
[2025-08-22T05:06:53.290+0000] {taskinstance.py:340} INFO - ::group::Post task execution logs
[2025-08-22T05:06:53.290+0000] {taskinstance.py:352} INFO - Marking task as SUCCESS. dag_id=etl_pipeline_bi, task_id=create_map_data_to_bi, run_id=manual__2025-08-22T05:03:53+00:00, execution_date=20250822T050353, start_date=20250822T050652, end_date=20250822T050653
[2025-08-22T05:06:53.351+0000] {local_task_job_runner.py:261} INFO - Task exited with return code 0
[2025-08-22T05:06:53.364+0000] {warnings.py:112} WARNING - /home/***/.local/lib/python3.12/site-packages/***/models/baseoperator.py:1378: AirflowProviderDeprecationWarning: Call to deprecated class PostgresOperator. (Please use `***.providers.common.sql.operators.sql.SQLExecuteQueryOperator`.Also, you can provide `hook_params={'schema': <database>}`.)
  result = cls.__new__(cls)

[2025-08-22T05:06:53.374+0000] {taskinstance.py:3891} INFO - 0 downstream tasks scheduled from follow-on schedule check
[2025-08-22T05:06:53.375+0000] {local_task_job_runner.py:240} INFO - ::endgroup::
