[2025-08-20T14:39:59.684+0000] {processor.py:186} INFO - Started process (PID=94) to work on /home/airflow/.local/lib/python3.12/site-packages/airflow/example_dags/example_subdag_operator.py
[2025-08-20T14:39:59.686+0000] {processor.py:914} INFO - Processing file /home/airflow/.local/lib/python3.12/site-packages/airflow/example_dags/example_subdag_operator.py for tasks to queue
[2025-08-20T14:39:59.696+0000] {logging_mixin.py:190} INFO - [2025-08-20T14:39:59.696+0000] {dagbag.py:587} INFO - Filling up the DagBag from /home/airflow/.local/lib/python3.12/site-packages/airflow/example_dags/example_subdag_operator.py
[2025-08-20T14:39:59.834+0000] {processor.py:925} INFO - DAG(s) 'example_subdag_operator.section-1', 'example_subdag_operator.section-2', 'example_subdag_operator' retrieved from /home/airflow/.local/lib/python3.12/site-packages/airflow/example_dags/example_subdag_operator.py
[2025-08-20T14:40:00.502+0000] {logging_mixin.py:190} INFO - [2025-08-20T14:40:00.501+0000] {override.py:1858} INFO - Created Permission View: can delete on DAG:example_subdag_operator
[2025-08-20T14:40:00.573+0000] {logging_mixin.py:190} INFO - [2025-08-20T14:40:00.572+0000] {override.py:1858} INFO - Created Permission View: can edit on DAG:example_subdag_operator
[2025-08-20T14:40:00.624+0000] {logging_mixin.py:190} INFO - [2025-08-20T14:40:00.623+0000] {override.py:1858} INFO - Created Permission View: can read on DAG:example_subdag_operator
[2025-08-20T14:40:00.624+0000] {logging_mixin.py:190} INFO - [2025-08-20T14:40:00.624+0000] {dag.py:3211} INFO - Sync 3 DAGs
[2025-08-20T14:40:00.713+0000] {logging_mixin.py:190} INFO - [2025-08-20T14:40:00.713+0000] {dag.py:3234} INFO - Creating ORM DAG for example_subdag_operator.section-1
[2025-08-20T14:40:00.722+0000] {logging_mixin.py:190} INFO - [2025-08-20T14:40:00.714+0000] {dag.py:3234} INFO - Creating ORM DAG for example_subdag_operator.section-2
[2025-08-20T14:40:00.723+0000] {logging_mixin.py:190} INFO - [2025-08-20T14:40:00.723+0000] {dag.py:3234} INFO - Creating ORM DAG for example_subdag_operator
[2025-08-20T14:40:00.802+0000] {logging_mixin.py:190} INFO - [2025-08-20T14:40:00.802+0000] {dag.py:4138} INFO - Setting next_dagrun for example_subdag_operator to 2022-01-01 00:00:00+00:00, run_after=2022-01-01 00:00:00+00:00
[2025-08-20T14:40:00.813+0000] {logging_mixin.py:190} INFO - [2025-08-20T14:40:00.813+0000] {dag.py:4138} INFO - Setting next_dagrun for example_subdag_operator.section-1 to None, run_after=None
[2025-08-20T14:40:00.815+0000] {logging_mixin.py:190} INFO - [2025-08-20T14:40:00.814+0000] {dag.py:4138} INFO - Setting next_dagrun for example_subdag_operator.section-2 to None, run_after=None
[2025-08-20T14:40:00.891+0000] {logging_mixin.py:190} INFO - [2025-08-20T14:40:00.881+0000] {dag.py:3211} INFO - Sync 2 DAGs
[2025-08-20T14:40:00.955+0000] {logging_mixin.py:190} INFO - [2025-08-20T14:40:00.955+0000] {dag.py:4138} INFO - Setting next_dagrun for example_subdag_operator.section-1 to None, run_after=None
[2025-08-20T14:40:00.970+0000] {logging_mixin.py:190} INFO - [2025-08-20T14:40:00.969+0000] {dag.py:4138} INFO - Setting next_dagrun for example_subdag_operator.section-2 to None, run_after=None
[2025-08-20T14:40:01.045+0000] {processor.py:208} INFO - Processing /home/airflow/.local/lib/python3.12/site-packages/airflow/example_dags/example_subdag_operator.py took 1.386 seconds
[2025-08-20T14:42:17.530+0000] {processor.py:186} INFO - Started process (PID=156) to work on /home/airflow/.local/lib/python3.12/site-packages/airflow/example_dags/example_subdag_operator.py
[2025-08-20T14:42:17.537+0000] {processor.py:914} INFO - Processing file /home/airflow/.local/lib/python3.12/site-packages/airflow/example_dags/example_subdag_operator.py for tasks to queue
[2025-08-20T14:42:17.549+0000] {logging_mixin.py:190} INFO - [2025-08-20T14:42:17.548+0000] {dagbag.py:587} INFO - Filling up the DagBag from /home/airflow/.local/lib/python3.12/site-packages/airflow/example_dags/example_subdag_operator.py
[2025-08-20T14:42:17.759+0000] {processor.py:925} INFO - DAG(s) 'example_subdag_operator.section-1', 'example_subdag_operator.section-2', 'example_subdag_operator' retrieved from /home/airflow/.local/lib/python3.12/site-packages/airflow/example_dags/example_subdag_operator.py
[2025-08-20T14:42:17.857+0000] {logging_mixin.py:190} INFO - [2025-08-20T14:42:17.857+0000] {dag.py:3211} INFO - Sync 3 DAGs
[2025-08-20T14:42:17.962+0000] {logging_mixin.py:190} INFO - [2025-08-20T14:42:17.962+0000] {dag.py:4138} INFO - Setting next_dagrun for example_subdag_operator to 2022-01-01 00:00:00+00:00, run_after=2022-01-01 00:00:00+00:00
[2025-08-20T14:42:17.975+0000] {logging_mixin.py:190} INFO - [2025-08-20T14:42:17.975+0000] {dag.py:4138} INFO - Setting next_dagrun for example_subdag_operator.section-1 to None, run_after=None
[2025-08-20T14:42:17.982+0000] {logging_mixin.py:190} INFO - [2025-08-20T14:42:17.982+0000] {dag.py:4138} INFO - Setting next_dagrun for example_subdag_operator.section-2 to None, run_after=None
[2025-08-20T14:42:18.010+0000] {logging_mixin.py:190} INFO - [2025-08-20T14:42:18.009+0000] {dag.py:3211} INFO - Sync 2 DAGs
[2025-08-20T14:42:18.038+0000] {logging_mixin.py:190} INFO - [2025-08-20T14:42:18.038+0000] {dag.py:4138} INFO - Setting next_dagrun for example_subdag_operator.section-1 to None, run_after=None
[2025-08-20T14:42:18.039+0000] {logging_mixin.py:190} INFO - [2025-08-20T14:42:18.039+0000] {dag.py:4138} INFO - Setting next_dagrun for example_subdag_operator.section-2 to None, run_after=None
[2025-08-20T14:42:18.088+0000] {processor.py:208} INFO - Processing /home/airflow/.local/lib/python3.12/site-packages/airflow/example_dags/example_subdag_operator.py took 0.595 seconds
