[2025-08-20T14:39:51.023+0000] {processor.py:186} INFO - Started process (PID=81) to work on /home/airflow/.local/lib/python3.12/site-packages/airflow/example_dags/example_inlet_event_extra.py
[2025-08-20T14:39:51.026+0000] {processor.py:914} INFO - Processing file /home/airflow/.local/lib/python3.12/site-packages/airflow/example_dags/example_inlet_event_extra.py for tasks to queue
[2025-08-20T14:39:51.043+0000] {logging_mixin.py:190} INFO - [2025-08-20T14:39:51.042+0000] {dagbag.py:587} INFO - Filling up the DagBag from /home/airflow/.local/lib/python3.12/site-packages/airflow/example_dags/example_inlet_event_extra.py
[2025-08-20T14:39:52.028+0000] {processor.py:925} INFO - DAG(s) 'read_dataset_event_from_classic', 'read_dataset_event' retrieved from /home/airflow/.local/lib/python3.12/site-packages/airflow/example_dags/example_inlet_event_extra.py
[2025-08-20T14:39:52.658+0000] {logging_mixin.py:190} INFO - [2025-08-20T14:39:52.657+0000] {override.py:1858} INFO - Created Permission View: can delete on DAG:read_dataset_event_from_classic
[2025-08-20T14:39:52.698+0000] {logging_mixin.py:190} INFO - [2025-08-20T14:39:52.698+0000] {override.py:1858} INFO - Created Permission View: can edit on DAG:read_dataset_event_from_classic
[2025-08-20T14:39:52.724+0000] {logging_mixin.py:190} INFO - [2025-08-20T14:39:52.723+0000] {override.py:1858} INFO - Created Permission View: can read on DAG:read_dataset_event_from_classic
[2025-08-20T14:39:52.769+0000] {logging_mixin.py:190} INFO - [2025-08-20T14:39:52.768+0000] {override.py:1858} INFO - Created Permission View: can delete on DAG:read_dataset_event
[2025-08-20T14:39:52.789+0000] {logging_mixin.py:190} INFO - [2025-08-20T14:39:52.788+0000] {override.py:1858} INFO - Created Permission View: can edit on DAG:read_dataset_event
[2025-08-20T14:39:52.808+0000] {logging_mixin.py:190} INFO - [2025-08-20T14:39:52.807+0000] {override.py:1858} INFO - Created Permission View: can read on DAG:read_dataset_event
[2025-08-20T14:39:52.808+0000] {logging_mixin.py:190} INFO - [2025-08-20T14:39:52.808+0000] {dag.py:3211} INFO - Sync 2 DAGs
[2025-08-20T14:39:52.852+0000] {logging_mixin.py:190} INFO - [2025-08-20T14:39:52.852+0000] {dag.py:3234} INFO - Creating ORM DAG for read_dataset_event_from_classic
[2025-08-20T14:39:52.853+0000] {logging_mixin.py:190} INFO - [2025-08-20T14:39:52.853+0000] {dag.py:3234} INFO - Creating ORM DAG for read_dataset_event
[2025-08-20T14:39:52.879+0000] {logging_mixin.py:190} INFO - [2025-08-20T14:39:52.878+0000] {dag.py:4138} INFO - Setting next_dagrun for read_dataset_event to 2025-08-19 00:00:00+00:00, run_after=2025-08-20 00:00:00+00:00
[2025-08-20T14:39:52.886+0000] {logging_mixin.py:190} INFO - [2025-08-20T14:39:52.886+0000] {dag.py:4138} INFO - Setting next_dagrun for read_dataset_event_from_classic to 2025-08-19 00:00:00+00:00, run_after=2025-08-20 00:00:00+00:00
[2025-08-20T14:39:52.937+0000] {processor.py:208} INFO - Processing /home/airflow/.local/lib/python3.12/site-packages/airflow/example_dags/example_inlet_event_extra.py took 1.948 seconds
[2025-08-20T14:42:12.613+0000] {processor.py:186} INFO - Started process (PID=143) to work on /home/airflow/.local/lib/python3.12/site-packages/airflow/example_dags/example_inlet_event_extra.py
[2025-08-20T14:42:12.629+0000] {processor.py:914} INFO - Processing file /home/airflow/.local/lib/python3.12/site-packages/airflow/example_dags/example_inlet_event_extra.py for tasks to queue
[2025-08-20T14:42:12.636+0000] {logging_mixin.py:190} INFO - [2025-08-20T14:42:12.635+0000] {dagbag.py:587} INFO - Filling up the DagBag from /home/airflow/.local/lib/python3.12/site-packages/airflow/example_dags/example_inlet_event_extra.py
[2025-08-20T14:42:13.666+0000] {processor.py:925} INFO - DAG(s) 'read_dataset_event', 'read_dataset_event_from_classic' retrieved from /home/airflow/.local/lib/python3.12/site-packages/airflow/example_dags/example_inlet_event_extra.py
[2025-08-20T14:42:13.764+0000] {logging_mixin.py:190} INFO - [2025-08-20T14:42:13.763+0000] {dag.py:3211} INFO - Sync 2 DAGs
[2025-08-20T14:42:13.924+0000] {logging_mixin.py:190} INFO - [2025-08-20T14:42:13.923+0000] {dag.py:4138} INFO - Setting next_dagrun for read_dataset_event to 2025-08-19 00:00:00+00:00, run_after=2025-08-20 00:00:00+00:00
[2025-08-20T14:42:13.963+0000] {logging_mixin.py:190} INFO - [2025-08-20T14:42:13.963+0000] {dag.py:4138} INFO - Setting next_dagrun for read_dataset_event_from_classic to 2025-08-19 00:00:00+00:00, run_after=2025-08-20 00:00:00+00:00
[2025-08-20T14:42:14.071+0000] {processor.py:208} INFO - Processing /home/airflow/.local/lib/python3.12/site-packages/airflow/example_dags/example_inlet_event_extra.py took 1.514 seconds
