[2025-08-20T14:42:03.178+0000] {processor.py:186} INFO - Started process (PID=125) to work on /home/airflow/.local/lib/python3.12/site-packages/airflow/example_dags/example_branch_datetime_operator.py
[2025-08-20T14:42:03.179+0000] {processor.py:914} INFO - Processing file /home/airflow/.local/lib/python3.12/site-packages/airflow/example_dags/example_branch_datetime_operator.py for tasks to queue
[2025-08-20T14:42:03.193+0000] {logging_mixin.py:190} INFO - [2025-08-20T14:42:03.192+0000] {dagbag.py:587} INFO - Filling up the DagBag from /home/airflow/.local/lib/python3.12/site-packages/airflow/example_dags/example_branch_datetime_operator.py
[2025-08-20T14:42:03.296+0000] {processor.py:925} INFO - DAG(s) 'example_branch_datetime_operator_3', 'example_branch_datetime_operator_2', 'example_branch_datetime_operator' retrieved from /home/airflow/.local/lib/python3.12/site-packages/airflow/example_dags/example_branch_datetime_operator.py
[2025-08-20T14:42:04.036+0000] {logging_mixin.py:190} INFO - [2025-08-20T14:42:04.030+0000] {override.py:1858} INFO - Created Permission View: can delete on DAG:example_branch_datetime_operator_3
[2025-08-20T14:42:04.113+0000] {logging_mixin.py:190} INFO - [2025-08-20T14:42:04.112+0000] {override.py:1858} INFO - Created Permission View: can edit on DAG:example_branch_datetime_operator_3
[2025-08-20T14:42:04.168+0000] {logging_mixin.py:190} INFO - [2025-08-20T14:42:04.167+0000] {override.py:1858} INFO - Created Permission View: can read on DAG:example_branch_datetime_operator_3
[2025-08-20T14:42:04.258+0000] {logging_mixin.py:190} INFO - [2025-08-20T14:42:04.256+0000] {override.py:1858} INFO - Created Permission View: can delete on DAG:example_branch_datetime_operator_2
[2025-08-20T14:42:04.299+0000] {logging_mixin.py:190} INFO - [2025-08-20T14:42:04.299+0000] {override.py:1858} INFO - Created Permission View: can edit on DAG:example_branch_datetime_operator_2
[2025-08-20T14:42:04.345+0000] {logging_mixin.py:190} INFO - [2025-08-20T14:42:04.344+0000] {override.py:1858} INFO - Created Permission View: can read on DAG:example_branch_datetime_operator_2
[2025-08-20T14:42:04.427+0000] {logging_mixin.py:190} INFO - [2025-08-20T14:42:04.426+0000] {override.py:1858} INFO - Created Permission View: can delete on DAG:example_branch_datetime_operator
[2025-08-20T14:42:04.463+0000] {logging_mixin.py:190} INFO - [2025-08-20T14:42:04.463+0000] {override.py:1858} INFO - Created Permission View: can edit on DAG:example_branch_datetime_operator
[2025-08-20T14:42:04.509+0000] {logging_mixin.py:190} INFO - [2025-08-20T14:42:04.508+0000] {override.py:1858} INFO - Created Permission View: can read on DAG:example_branch_datetime_operator
[2025-08-20T14:42:04.509+0000] {logging_mixin.py:190} INFO - [2025-08-20T14:42:04.509+0000] {dag.py:3211} INFO - Sync 3 DAGs
[2025-08-20T14:42:04.600+0000] {logging_mixin.py:190} INFO - [2025-08-20T14:42:04.595+0000] {dag.py:3234} INFO - Creating ORM DAG for example_branch_datetime_operator_2
[2025-08-20T14:42:04.601+0000] {logging_mixin.py:190} INFO - [2025-08-20T14:42:04.601+0000] {dag.py:3234} INFO - Creating ORM DAG for example_branch_datetime_operator_3
[2025-08-20T14:42:04.609+0000] {logging_mixin.py:190} INFO - [2025-08-20T14:42:04.608+0000] {dag.py:3234} INFO - Creating ORM DAG for example_branch_datetime_operator
[2025-08-20T14:42:04.683+0000] {logging_mixin.py:190} INFO - [2025-08-20T14:42:04.678+0000] {dag.py:4138} INFO - Setting next_dagrun for example_branch_datetime_operator to 2025-08-19 00:00:00+00:00, run_after=2025-08-20 00:00:00+00:00
[2025-08-20T14:42:04.692+0000] {logging_mixin.py:190} INFO - [2025-08-20T14:42:04.692+0000] {dag.py:4138} INFO - Setting next_dagrun for example_branch_datetime_operator_2 to 2025-08-19 00:00:00+00:00, run_after=2025-08-20 00:00:00+00:00
[2025-08-20T14:42:04.709+0000] {logging_mixin.py:190} INFO - [2025-08-20T14:42:04.708+0000] {dag.py:4138} INFO - Setting next_dagrun for example_branch_datetime_operator_3 to 2025-08-19 00:00:00+00:00, run_after=2025-08-20 00:00:00+00:00
[2025-08-20T14:42:04.821+0000] {processor.py:208} INFO - Processing /home/airflow/.local/lib/python3.12/site-packages/airflow/example_dags/example_branch_datetime_operator.py took 1.679 seconds
