[2025-08-20T14:39:47.808+0000] {processor.py:186} INFO - Started process (PID=72) to work on /home/airflow/.local/lib/python3.12/site-packages/airflow/example_dags/example_dataset_alias_with_no_taskflow.py
[2025-08-20T14:39:47.816+0000] {processor.py:914} INFO - Processing file /home/airflow/.local/lib/python3.12/site-packages/airflow/example_dags/example_dataset_alias_with_no_taskflow.py for tasks to queue
[2025-08-20T14:39:47.833+0000] {logging_mixin.py:190} INFO - [2025-08-20T14:39:47.829+0000] {dagbag.py:587} INFO - Filling up the DagBag from /home/airflow/.local/lib/python3.12/site-packages/airflow/example_dags/example_dataset_alias_with_no_taskflow.py
[2025-08-20T14:39:49.205+0000] {processor.py:925} INFO - DAG(s) 'dataset_alias_example_alias_producer_with_no_taskflow', 'dataset_s3_bucket_consumer_with_no_taskflow', 'dataset_s3_bucket_producer_with_no_taskflow', 'dataset_alias_example_alias_consumer_with_no_taskflow' retrieved from /home/airflow/.local/lib/python3.12/site-packages/airflow/example_dags/example_dataset_alias_with_no_taskflow.py
[2025-08-20T14:39:49.951+0000] {logging_mixin.py:190} INFO - [2025-08-20T14:39:49.948+0000] {override.py:1858} INFO - Created Permission View: can delete on DAG:dataset_alias_example_alias_producer_with_no_taskflow
[2025-08-20T14:39:50.006+0000] {logging_mixin.py:190} INFO - [2025-08-20T14:39:50.005+0000] {override.py:1858} INFO - Created Permission View: can edit on DAG:dataset_alias_example_alias_producer_with_no_taskflow
[2025-08-20T14:39:50.046+0000] {logging_mixin.py:190} INFO - [2025-08-20T14:39:50.045+0000] {override.py:1858} INFO - Created Permission View: can read on DAG:dataset_alias_example_alias_producer_with_no_taskflow
[2025-08-20T14:39:50.110+0000] {logging_mixin.py:190} INFO - [2025-08-20T14:39:50.110+0000] {override.py:1858} INFO - Created Permission View: can delete on DAG:dataset_s3_bucket_consumer_with_no_taskflow
[2025-08-20T14:39:50.142+0000] {logging_mixin.py:190} INFO - [2025-08-20T14:39:50.142+0000] {override.py:1858} INFO - Created Permission View: can edit on DAG:dataset_s3_bucket_consumer_with_no_taskflow
[2025-08-20T14:39:50.187+0000] {logging_mixin.py:190} INFO - [2025-08-20T14:39:50.186+0000] {override.py:1858} INFO - Created Permission View: can read on DAG:dataset_s3_bucket_consumer_with_no_taskflow
[2025-08-20T14:39:50.257+0000] {logging_mixin.py:190} INFO - [2025-08-20T14:39:50.256+0000] {override.py:1858} INFO - Created Permission View: can delete on DAG:dataset_s3_bucket_producer_with_no_taskflow
[2025-08-20T14:39:50.302+0000] {logging_mixin.py:190} INFO - [2025-08-20T14:39:50.301+0000] {override.py:1858} INFO - Created Permission View: can edit on DAG:dataset_s3_bucket_producer_with_no_taskflow
[2025-08-20T14:39:50.342+0000] {logging_mixin.py:190} INFO - [2025-08-20T14:39:50.341+0000] {override.py:1858} INFO - Created Permission View: can read on DAG:dataset_s3_bucket_producer_with_no_taskflow
[2025-08-20T14:39:50.410+0000] {logging_mixin.py:190} INFO - [2025-08-20T14:39:50.410+0000] {override.py:1858} INFO - Created Permission View: can delete on DAG:dataset_alias_example_alias_consumer_with_no_taskflow
[2025-08-20T14:39:50.447+0000] {logging_mixin.py:190} INFO - [2025-08-20T14:39:50.446+0000] {override.py:1858} INFO - Created Permission View: can edit on DAG:dataset_alias_example_alias_consumer_with_no_taskflow
[2025-08-20T14:39:50.474+0000] {logging_mixin.py:190} INFO - [2025-08-20T14:39:50.474+0000] {override.py:1858} INFO - Created Permission View: can read on DAG:dataset_alias_example_alias_consumer_with_no_taskflow
[2025-08-20T14:39:50.475+0000] {logging_mixin.py:190} INFO - [2025-08-20T14:39:50.475+0000] {dag.py:3211} INFO - Sync 4 DAGs
[2025-08-20T14:39:50.538+0000] {logging_mixin.py:190} INFO - [2025-08-20T14:39:50.538+0000] {dag.py:3234} INFO - Creating ORM DAG for dataset_alias_example_alias_consumer_with_no_taskflow
[2025-08-20T14:39:50.547+0000] {logging_mixin.py:190} INFO - [2025-08-20T14:39:50.546+0000] {dag.py:3234} INFO - Creating ORM DAG for dataset_s3_bucket_producer_with_no_taskflow
[2025-08-20T14:39:50.550+0000] {logging_mixin.py:190} INFO - [2025-08-20T14:39:50.550+0000] {dag.py:3234} INFO - Creating ORM DAG for dataset_alias_example_alias_producer_with_no_taskflow
[2025-08-20T14:39:50.556+0000] {logging_mixin.py:190} INFO - [2025-08-20T14:39:50.556+0000] {dag.py:3234} INFO - Creating ORM DAG for dataset_s3_bucket_consumer_with_no_taskflow
[2025-08-20T14:39:50.640+0000] {logging_mixin.py:190} INFO - [2025-08-20T14:39:50.635+0000] {dag.py:4138} INFO - Setting next_dagrun for dataset_alias_example_alias_consumer_with_no_taskflow to None, run_after=None
[2025-08-20T14:39:50.648+0000] {logging_mixin.py:190} INFO - [2025-08-20T14:39:50.643+0000] {dag.py:4138} INFO - Setting next_dagrun for dataset_alias_example_alias_producer_with_no_taskflow to None, run_after=None
[2025-08-20T14:39:50.656+0000] {logging_mixin.py:190} INFO - [2025-08-20T14:39:50.649+0000] {dag.py:4138} INFO - Setting next_dagrun for dataset_s3_bucket_consumer_with_no_taskflow to None, run_after=None
[2025-08-20T14:39:50.666+0000] {logging_mixin.py:190} INFO - [2025-08-20T14:39:50.657+0000] {dag.py:4138} INFO - Setting next_dagrun for dataset_s3_bucket_producer_with_no_taskflow to None, run_after=None
[2025-08-20T14:39:50.851+0000] {processor.py:208} INFO - Processing /home/airflow/.local/lib/python3.12/site-packages/airflow/example_dags/example_dataset_alias_with_no_taskflow.py took 3.082 seconds
[2025-08-20T14:42:11.312+0000] {processor.py:186} INFO - Started process (PID=140) to work on /home/airflow/.local/lib/python3.12/site-packages/airflow/example_dags/example_dataset_alias_with_no_taskflow.py
[2025-08-20T14:42:11.317+0000] {processor.py:914} INFO - Processing file /home/airflow/.local/lib/python3.12/site-packages/airflow/example_dags/example_dataset_alias_with_no_taskflow.py for tasks to queue
[2025-08-20T14:42:11.328+0000] {logging_mixin.py:190} INFO - [2025-08-20T14:42:11.327+0000] {dagbag.py:587} INFO - Filling up the DagBag from /home/airflow/.local/lib/python3.12/site-packages/airflow/example_dags/example_dataset_alias_with_no_taskflow.py
[2025-08-20T14:42:12.589+0000] {processor.py:925} INFO - DAG(s) 'dataset_s3_bucket_producer_with_no_taskflow', 'dataset_alias_example_alias_producer_with_no_taskflow', 'dataset_s3_bucket_consumer_with_no_taskflow', 'dataset_alias_example_alias_consumer_with_no_taskflow' retrieved from /home/airflow/.local/lib/python3.12/site-packages/airflow/example_dags/example_dataset_alias_with_no_taskflow.py
[2025-08-20T14:42:12.652+0000] {logging_mixin.py:190} INFO - [2025-08-20T14:42:12.652+0000] {dag.py:3211} INFO - Sync 4 DAGs
[2025-08-20T14:42:12.725+0000] {logging_mixin.py:190} INFO - [2025-08-20T14:42:12.724+0000] {dag.py:4138} INFO - Setting next_dagrun for dataset_alias_example_alias_consumer_with_no_taskflow to None, run_after=None
[2025-08-20T14:42:12.734+0000] {logging_mixin.py:190} INFO - [2025-08-20T14:42:12.734+0000] {dag.py:4138} INFO - Setting next_dagrun for dataset_alias_example_alias_producer_with_no_taskflow to None, run_after=None
[2025-08-20T14:42:12.740+0000] {logging_mixin.py:190} INFO - [2025-08-20T14:42:12.740+0000] {dag.py:4138} INFO - Setting next_dagrun for dataset_s3_bucket_consumer_with_no_taskflow to None, run_after=None
[2025-08-20T14:42:12.745+0000] {logging_mixin.py:190} INFO - [2025-08-20T14:42:12.745+0000] {dag.py:4138} INFO - Setting next_dagrun for dataset_s3_bucket_producer_with_no_taskflow to None, run_after=None
[2025-08-20T14:42:12.868+0000] {processor.py:208} INFO - Processing /home/airflow/.local/lib/python3.12/site-packages/airflow/example_dags/example_dataset_alias_with_no_taskflow.py took 1.598 seconds
