[2025-08-20T14:40:05.711+0000] {processor.py:186} INFO - Started process (PID=103) to work on /home/airflow/.local/lib/python3.12/site-packages/airflow/example_dags/example_outlet_event_extra.py
[2025-08-20T14:40:05.715+0000] {processor.py:914} INFO - Processing file /home/airflow/.local/lib/python3.12/site-packages/airflow/example_dags/example_outlet_event_extra.py for tasks to queue
[2025-08-20T14:40:05.729+0000] {logging_mixin.py:190} INFO - [2025-08-20T14:40:05.728+0000] {dagbag.py:587} INFO - Filling up the DagBag from /home/airflow/.local/lib/python3.12/site-packages/airflow/example_dags/example_outlet_event_extra.py
[2025-08-20T14:40:06.995+0000] {processor.py:925} INFO - DAG(s) 'dataset_with_extra_from_classic_operator', 'dataset_with_extra_by_context', 'dataset_with_extra_by_yield' retrieved from /home/airflow/.local/lib/python3.12/site-packages/airflow/example_dags/example_outlet_event_extra.py
[2025-08-20T14:40:07.971+0000] {logging_mixin.py:190} INFO - [2025-08-20T14:40:07.970+0000] {override.py:1858} INFO - Created Permission View: can delete on DAG:dataset_with_extra_from_classic_operator
[2025-08-20T14:40:07.998+0000] {logging_mixin.py:190} INFO - [2025-08-20T14:40:07.997+0000] {override.py:1858} INFO - Created Permission View: can edit on DAG:dataset_with_extra_from_classic_operator
[2025-08-20T14:40:08.019+0000] {logging_mixin.py:190} INFO - [2025-08-20T14:40:08.017+0000] {override.py:1858} INFO - Created Permission View: can read on DAG:dataset_with_extra_from_classic_operator
[2025-08-20T14:40:08.082+0000] {logging_mixin.py:190} INFO - [2025-08-20T14:40:08.081+0000] {override.py:1858} INFO - Created Permission View: can delete on DAG:dataset_with_extra_by_context
[2025-08-20T14:40:08.108+0000] {logging_mixin.py:190} INFO - [2025-08-20T14:40:08.107+0000] {override.py:1858} INFO - Created Permission View: can edit on DAG:dataset_with_extra_by_context
[2025-08-20T14:40:08.139+0000] {logging_mixin.py:190} INFO - [2025-08-20T14:40:08.138+0000] {override.py:1858} INFO - Created Permission View: can read on DAG:dataset_with_extra_by_context
[2025-08-20T14:40:08.191+0000] {logging_mixin.py:190} INFO - [2025-08-20T14:40:08.187+0000] {override.py:1858} INFO - Created Permission View: can delete on DAG:dataset_with_extra_by_yield
[2025-08-20T14:40:08.211+0000] {logging_mixin.py:190} INFO - [2025-08-20T14:40:08.211+0000] {override.py:1858} INFO - Created Permission View: can edit on DAG:dataset_with_extra_by_yield
[2025-08-20T14:40:08.245+0000] {logging_mixin.py:190} INFO - [2025-08-20T14:40:08.244+0000] {override.py:1858} INFO - Created Permission View: can read on DAG:dataset_with_extra_by_yield
[2025-08-20T14:40:08.245+0000] {logging_mixin.py:190} INFO - [2025-08-20T14:40:08.245+0000] {dag.py:3211} INFO - Sync 3 DAGs
[2025-08-20T14:40:08.297+0000] {logging_mixin.py:190} INFO - [2025-08-20T14:40:08.297+0000] {dag.py:3234} INFO - Creating ORM DAG for dataset_with_extra_by_yield
[2025-08-20T14:40:08.302+0000] {logging_mixin.py:190} INFO - [2025-08-20T14:40:08.298+0000] {dag.py:3234} INFO - Creating ORM DAG for dataset_with_extra_by_context
[2025-08-20T14:40:08.305+0000] {logging_mixin.py:190} INFO - [2025-08-20T14:40:08.303+0000] {dag.py:3234} INFO - Creating ORM DAG for dataset_with_extra_from_classic_operator
[2025-08-20T14:40:08.343+0000] {logging_mixin.py:190} INFO - [2025-08-20T14:40:08.342+0000] {dag.py:4138} INFO - Setting next_dagrun for dataset_with_extra_by_context to 2025-08-19 00:00:00+00:00, run_after=2025-08-20 00:00:00+00:00
[2025-08-20T14:40:08.356+0000] {logging_mixin.py:190} INFO - [2025-08-20T14:40:08.356+0000] {dag.py:4138} INFO - Setting next_dagrun for dataset_with_extra_by_yield to 2025-08-19 00:00:00+00:00, run_after=2025-08-20 00:00:00+00:00
[2025-08-20T14:40:08.372+0000] {logging_mixin.py:190} INFO - [2025-08-20T14:40:08.366+0000] {dag.py:4138} INFO - Setting next_dagrun for dataset_with_extra_from_classic_operator to 2025-08-19 00:00:00+00:00, run_after=2025-08-20 00:00:00+00:00
[2025-08-20T14:40:08.519+0000] {processor.py:208} INFO - Processing /home/airflow/.local/lib/python3.12/site-packages/airflow/example_dags/example_outlet_event_extra.py took 2.848 seconds
