[2025-08-22T05:03:57.494+0000] {local_task_job_runner.py:123} INFO - ::group::Pre task execution logs
[2025-08-22T05:03:57.509+0000] {taskinstance.py:2603} INFO - Dependencies all met for dep_context=non-requeueable deps ti=<TaskInstance: etl_pipeline_bi.create_bi_schema manual__2025-08-22T05:03:53+00:00 [queued]>
[2025-08-22T05:03:57.517+0000] {taskinstance.py:2603} INFO - Dependencies all met for dep_context=requeueable deps ti=<TaskInstance: etl_pipeline_bi.create_bi_schema manual__2025-08-22T05:03:53+00:00 [queued]>
[2025-08-22T05:03:57.517+0000] {taskinstance.py:2856} INFO - Starting attempt 1 of 1
[2025-08-22T05:03:57.529+0000] {taskinstance.py:2879} INFO - Executing <Task(PostgresOperator): create_bi_schema> on 2025-08-22 05:03:53+00:00
[2025-08-22T05:03:57.538+0000] {warnings.py:112} WARNING - /home/***/.local/lib/python3.12/site-packages/***/task/task_runner/standard_task_runner.py:70: DeprecationWarning: This process (pid=1611) is multi-threaded, use of fork() may lead to deadlocks in the child.
  pid = os.fork()

[2025-08-22T05:03:57.540+0000] {standard_task_runner.py:72} INFO - Started process 1613 to run task
[2025-08-22T05:03:57.541+0000] {standard_task_runner.py:104} INFO - Running: ['***', 'tasks', 'run', 'etl_pipeline_bi', 'create_bi_schema', 'manual__2025-08-22T05:03:53+00:00', '--job-id', '21', '--raw', '--subdir', 'DAGS_FOLDER/etl_pipeline_bi.py', '--cfg-path', '/tmp/tmp83wwu3og']
[2025-08-22T05:03:57.544+0000] {standard_task_runner.py:105} INFO - Job 21: Subtask create_bi_schema
[2025-08-22T05:03:57.591+0000] {task_command.py:467} INFO - Running <TaskInstance: etl_pipeline_bi.create_bi_schema manual__2025-08-22T05:03:53+00:00 [running]> on host 21c40e4c1785
[2025-08-22T05:03:57.877+0000] {taskinstance.py:3122} INFO - Exporting env vars: AIRFLOW_CTX_DAG_OWNER='***' AIRFLOW_CTX_DAG_ID='etl_pipeline_bi' AIRFLOW_CTX_TASK_ID='create_bi_schema' AIRFLOW_CTX_EXECUTION_DATE='2025-08-22T05:03:53+00:00' AIRFLOW_CTX_TRY_NUMBER='1' AIRFLOW_CTX_DAG_RUN_ID='manual__2025-08-22T05:03:53+00:00'
[2025-08-22T05:03:57.878+0000] {taskinstance.py:731} INFO - ::endgroup::
[2025-08-22T05:03:57.897+0000] {sql.py:282} INFO - Executing: CREATE SCHEMA IF NOT EXISTS bi;
[2025-08-22T05:03:57.908+0000] {base.py:84} INFO - Retrieving connection 'datalake_1'
[2025-08-22T05:03:57.916+0000] {base.py:84} INFO - Retrieving connection 'datalake_1'
[2025-08-22T05:03:57.944+0000] {sql.py:509} INFO - Running statement: CREATE SCHEMA IF NOT EXISTS bi;, parameters: None
[2025-08-22T05:03:57.959+0000] {taskinstance.py:340} INFO - ::group::Post task execution logs
[2025-08-22T05:03:57.959+0000] {taskinstance.py:352} INFO - Marking task as SUCCESS. dag_id=etl_pipeline_bi, task_id=create_bi_schema, run_id=manual__2025-08-22T05:03:53+00:00, execution_date=20250822T050353, start_date=20250822T050357, end_date=20250822T050357
[2025-08-22T05:03:57.998+0000] {local_task_job_runner.py:261} INFO - Task exited with return code 0
[2025-08-22T05:03:58.025+0000] {warnings.py:112} WARNING - /home/***/.local/lib/python3.12/site-packages/***/models/baseoperator.py:1378: AirflowProviderDeprecationWarning: Call to deprecated class PostgresOperator. (Please use `***.providers.common.sql.operators.sql.SQLExecuteQueryOperator`.Also, you can provide `hook_params={'schema': <database>}`.)
  result = cls.__new__(cls)

[2025-08-22T05:03:58.061+0000] {taskinstance.py:3891} INFO - 2 downstream tasks scheduled from follow-on schedule check
[2025-08-22T05:03:58.063+0000] {local_task_job_runner.py:240} INFO - ::endgroup::
